# JRE version: Java(TM) SE Runtime Environment (8.0_191-b12) (build 1.8.0_191-b12)
# Java VM: Java HotSpot(TM) 64-Bit Server VM (25.191-b12 mixed mode windows-amd64 compressed oops)
Heap:
 PSYoungGen      total 205824K, used 182833K [0x000000076b380000, 0x0000000778e00000, 0x00000007c0000000)
  eden space 197120K, 88% used [0x000000076b380000,0x0000000775d8e1a0,0x0000000777400000)
  from space 8704K, 99% used [0x0000000778580000,0x0000000778dfe348,0x0000000778e00000)
  to   space 11264K, 0% used [0x0000000777800000,0x0000000777800000,0x0000000778300000)
 ParOldGen       total 98304K, used 9215K [0x00000006c1a00000, 0x00000006c7a00000, 0x000000076b380000)
  object space 98304K, 9% used [0x00000006c1a00000,0x00000006c22ffff8,0x00000006c7a00000)
 Metaspace       used 34249K, capacity 35446K, committed 35496K, reserved 1081344K
  class space    used 4195K, capacity 4605K, committed 4608K, reserved 1048576K
GC Heap History (10 events):
Event: 1.781 GC heap before
{Heap before GC invocations=3 (full 0):
 PSYoungGen      total 76288K, used 71467K [0x000000076b380000, 0x0000000774880000, 0x00000007c0000000)
  eden space 65536K, 100% used [0x000000076b380000,0x000000076f380000,0x000000076f380000)
  from space 10752K, 55% used [0x000000076fe00000,0x00000007703caf10,0x0000000770880000)
  to   space 10752K, 0% used [0x000000076f380000,0x000000076f380000,0x000000076fe00000)
 ParOldGen       total 175104K, used 24K [0x00000006c1a00000, 0x00000006cc500000, 0x000000076b380000)
  object space 175104K, 0% used [0x00000006c1a00000,0x00000006c1a06000,0x00000006cc500000)
 Metaspace       used 19095K, capacity 19718K, committed 19968K, reserved 1067008K
  class space    used 2276K, capacity 2463K, committed 2560K, reserved 1048576K
Event: 1.786 GC heap after
Heap after GC invocations=3 (full 0):
 PSYoungGen      total 76288K, used 7526K [0x000000076b380000, 0x0000000774880000, 0x00000007c0000000)
  eden space 65536K, 0% used [0x000000076b380000,0x000000076b380000,0x000000076f380000)
  from space 10752K, 69% used [0x000000076f380000,0x000000076fad9888,0x000000076fe00000)
  to   space 10752K, 0% used [0x0000000773e00000,0x0000000773e00000,0x0000000774880000)
 ParOldGen       total 175104K, used 32K [0x00000006c1a00000, 0x00000006cc500000, 0x000000076b380000)
  object space 175104K, 0% used [0x00000006c1a00000,0x00000006c1a08000,0x00000006cc500000)
 Metaspace       used 19095K, capacity 19718K, committed 19968K, reserved 1067008K
  class space    used 2276K, capacity 2463K, committed 2560K, reserved 1048576K
}
Event: 1.910 GC heap before
{Heap before GC invocations=4 (full 0):
 PSYoungGen      total 76288K, used 35058K [0x000000076b380000, 0x0000000774880000, 0x00000007c0000000)
  eden space 65536K, 42% used [0x000000076b380000,0x000000076ce63360,0x000000076f380000)
  from space 10752K, 69% used [0x000000076f380000,0x000000076fad9888,0x000000076fe00000)
  to   space 10752K, 0% used [0x0000000773e00000,0x0000000773e00000,0x0000000774880000)
 ParOldGen       total 175104K, used 32K [0x00000006c1a00000, 0x00000006cc500000, 0x000000076b380000)
  object space 175104K, 0% used [0x00000006c1a00000,0x00000006c1a08000,0x00000006cc500000)
 Metaspace       used 20568K, capacity 21210K, committed 21296K, reserved 1069056K
  class space    used 2452K, capacity 2675K, committed 2688K, reserved 1048576K
Event: 1.914 GC heap after
Heap after GC invocations=4 (full 0):
 PSYoungGen      total 141824K, used 5972K [0x000000076b380000, 0x0000000774880000, 0x00000007c0000000)
  eden space 131072K, 0% used [0x000000076b380000,0x000000076b380000,0x0000000773380000)
  from space 10752K, 55% used [0x0000000773e00000,0x00000007743d53d8,0x0000000774880000)
  to   space 10752K, 0% used [0x0000000773380000,0x0000000773380000,0x0000000773e00000)
 ParOldGen       total 175104K, used 40K [0x00000006c1a00000, 0x00000006cc500000, 0x000000076b380000)
  object space 175104K, 0% used [0x00000006c1a00000,0x00000006c1a0a000,0x00000006cc500000)
 Metaspace       used 20568K, capacity 21210K, committed 21296K, reserved 1069056K
  class space    used 2452K, capacity 2675K, committed 2688K, reserved 1048576K
}
Event: 1.914 GC heap before
{Heap before GC invocations=5 (full 1):
 PSYoungGen      total 141824K, used 5972K [0x000000076b380000, 0x0000000774880000, 0x00000007c0000000)
  eden space 131072K, 0% used [0x000000076b380000,0x000000076b380000,0x0000000773380000)
  from space 10752K, 55% used [0x0000000773e00000,0x00000007743d53d8,0x0000000774880000)
  to   space 10752K, 0% used [0x0000000773380000,0x0000000773380000,0x0000000773e00000)
 ParOldGen       total 175104K, used 40K [0x00000006c1a00000, 0x00000006cc500000, 0x000000076b380000)
  object space 175104K, 0% used [0x00000006c1a00000,0x00000006c1a0a000,0x00000006cc500000)
 Metaspace       used 20568K, capacity 21210K, committed 21296K, reserved 1069056K
  class space    used 2452K, capacity 2675K, committed 2688K, reserved 1048576K
Event: 1.935 GC heap after
Heap after GC invocations=5 (full 1):
 PSYoungGen      total 141824K, used 0K [0x000000076b380000, 0x0000000774880000, 0x00000007c0000000)
  eden space 131072K, 0% used [0x000000076b380000,0x000000076b380000,0x0000000773380000)
  from space 10752K, 0% used [0x0000000773e00000,0x0000000773e00000,0x0000000774880000)
  to   space 10752K, 0% used [0x0000000773380000,0x0000000773380000,0x0000000773e00000)
 ParOldGen       total 98304K, used 5667K [0x00000006c1a00000, 0x00000006c7a00000, 0x000000076b380000)
  object space 98304K, 5% used [0x00000006c1a00000,0x00000006c1f88cd8,0x00000006c7a00000)
 Metaspace       used 20568K, capacity 21210K, committed 21296K, reserved 1069056K
  class space    used 2452K, capacity 2675K, committed 2688K, reserved 1048576K
}
Event: 2.416 GC heap before
{Heap before GC invocations=6 (full 1):
 PSYoungGen      total 141824K, used 131072K [0x000000076b380000, 0x0000000774880000, 0x00000007c0000000)
  eden space 131072K, 100% used [0x000000076b380000,0x0000000773380000,0x0000000773380000)
  from space 10752K, 0% used [0x0000000773e00000,0x0000000773e00000,0x0000000774880000)
  to   space 10752K, 0% used [0x0000000773380000,0x0000000773380000,0x0000000773e00000)
 ParOldGen       total 98304K, used 5667K [0x00000006c1a00000, 0x00000006c7a00000, 0x000000076b380000)
  object space 98304K, 5% used [0x00000006c1a00000,0x00000006c1f88cd8,0x00000006c7a00000)
 Metaspace       used 26187K, capacity 27198K, committed 27264K, reserved 1073152K
  class space    used 3309K, capacity 3703K, committed 3712K, reserved 1048576K
Event: 2.421 GC heap after
Heap after GC invocations=6 (full 1):
 PSYoungGen      total 141824K, used 7682K [0x000000076b380000, 0x0000000778e00000, 0x00000007c0000000)
  eden space 131072K, 0% used [0x000000076b380000,0x000000076b380000,0x0000000773380000)
  from space 10752K, 71% used [0x0000000773380000,0x0000000773b008a0,0x0000000773e00000)
  to   space 8704K, 0% used [0x0000000778580000,0x0000000778580000,0x0000000778e00000)
 ParOldGen       total 98304K, used 5675K [0x00000006c1a00000, 0x00000006c7a00000, 0x000000076b380000)
  object space 98304K, 5% used [0x00000006c1a00000,0x00000006c1f8acd8,0x00000006c7a00000)
 Metaspace       used 26187K, capacity 27198K, committed 27264K, reserved 1073152K
  class space    used 3309K, capacity 3703K, committed 3712K, reserved 1048576K
}
Event: 27.554 GC heap before
{Heap before GC invocations=7 (full 1):
 PSYoungGen      total 141824K, used 138754K [0x000000076b380000, 0x0000000778e00000, 0x00000007c0000000)
  eden space 131072K, 100% used [0x000000076b380000,0x0000000773380000,0x0000000773380000)
  from space 10752K, 71% used [0x0000000773380000,0x0000000773b008a0,0x0000000773e00000)
  to   space 8704K, 0% used [0x0000000778580000,0x0000000778580000,0x0000000778e00000)
 ParOldGen       total 98304K, used 5675K [0x00000006c1a00000, 0x00000006c7a00000, 0x000000076b380000)
  object space 98304K, 5% used [0x00000006c1a00000,0x00000006c1f8acd8,0x00000006c7a00000)
 Metaspace       used 32909K, capacity 34102K, committed 34304K, reserved 1079296K
  class space    used 4181K, capacity 4605K, committed 4608K, reserved 1048576K
Event: 27.563 GC heap after
Heap after GC invocations=7 (full 1):
 PSYoungGen      total 205824K, used 8696K [0x000000076b380000, 0x0000000778e00000, 0x00000007c0000000)
  eden space 197120K, 0% used [0x000000076b380000,0x000000076b380000,0x0000000777400000)
  from space 8704K, 99% used [0x0000000778580000,0x0000000778dfe348,0x0000000778e00000)
  to   space 11264K, 0% used [0x0000000777800000,0x0000000777800000,0x0000000778300000)
 ParOldGen       total 98304K, used 9215K [0x00000006c1a00000, 0x00000006c7a00000, 0x000000076b380000)
  object space 98304K, 9% used [0x00000006c1a00000,0x00000006c22ffff8,0x00000006c7a00000)
 Metaspace       used 32909K, capacity 34102K, committed 34304K, reserved 1079296K
  class space    used 4181K, capacity 4605K, committed 4608K, reserved 1048576K
}

